<?xml version="1.0" encoding="utf-8"?>
<TestRun id="f696892c-3586-424f-8af0-cb3a288b89c5" name="afenna@HLT5CG8213ZDJ 2019-09-01 13:54:37" runUser="AD\afenna" xmlns="http://microsoft.com/schemas/VisualStudio/TeamTest/2010">
  <Times creation="2019-09-01T13:54:37.2712183+01:00" queuing="2019-09-01T13:54:37.2712183+01:00" start="2019-09-01T13:54:35.6637673+01:00" finish="2019-09-01T13:54:37.7894097+01:00" />
  <TestSettings name="default" id="9c08df56-ffc7-4fe9-8e6e-2283812da4fb">
    <Deployment runDeploymentRoot="afenna_HLT5CG8213ZDJ_2019-09-01_13_54_37" />
  </TestSettings>
  <Results>
    <UnitTestResult executionId="9f8669df-166f-4eb7-a892-02ea5208cd7a" testId="5f0df304-4865-3402-71b4-fe9e074878b7" testName="dbo_ATable_UnitTests" computerName="HLT5CG8213ZDJ" duration="00:00:00.1077966" startTime="2019-09-01T13:54:36.0112794+01:00" endTime="2019-09-01T13:54:36.2552379+01:00" testType="13cdc9d9-ddb5-4fa4-a97d-d965ccfc6d4b" outcome="Passed" testListId="8c84fa94-04c1-424b-9868-57a2d4851a1d" relativeResultsDirectory="9f8669df-166f-4eb7-a892-02ea5208cd7a">
      <Output>
        <StdOut>Debug Trace:
Executing test script...&#xD;
1 batches, 1 ResultSets, 1 rows affected&#xD;
Validating dbo_ATable_UnitTests_TableExists</StdOut>
      </Output>
    </UnitTestResult>
  </Results>
  <TestDefinitions>
    <UnitTest name="dbo_ATable_UnitTests" storage="c:\dbgit\fenngineering\sampledbsolution\build\sampledb.sqltests.dll" id="5f0df304-4865-3402-71b4-fe9e074878b7">
      <Execution id="9f8669df-166f-4eb7-a892-02ea5208cd7a" />
      <TestMethod codeBase="C:\dbgit\fenngineering\SampleDBSolution\build\SampleDB.SqlTests.dll" adapterTypeName="executor://mstestadapter/v1" className="SampleDB.SqlTests.dbo_ATable_Testing" name="dbo_ATable_UnitTests" />
    </UnitTest>
  </TestDefinitions>
  <TestEntries>
    <TestEntry testId="5f0df304-4865-3402-71b4-fe9e074878b7" executionId="9f8669df-166f-4eb7-a892-02ea5208cd7a" testListId="8c84fa94-04c1-424b-9868-57a2d4851a1d" />
  </TestEntries>
  <TestLists>
    <TestList name="Results Not in a List" id="8c84fa94-04c1-424b-9868-57a2d4851a1d" />
    <TestList name="All Loaded Results" id="19431567-8539-422a-85d7-44ee4e166bda" />
  </TestLists>
  <ResultSummary outcome="Completed">
    <Counters total="1" executed="1" passed="1" failed="0" error="0" timeout="0" aborted="0" inconclusive="0" passedButRunAborted="0" notRunnable="0" notExecuted="0" disconnected="0" warning="0" completed="0" inProgress="0" pending="0" />
  </ResultSummary>
</TestRun>